<?xml version="1.0" encoding="UTF-8"?>
<testsuite name="org.example.GameTest" tests="1" skipped="0" failures="0" errors="0" timestamp="2023-05-16T18:47:45" hostname="LAPTOP-149Q82MK" time="0.024">
  <properties/>
  <testcase name="boardSize()" classname="org.example.GameTest" time="0.024"/>
  <system-out><![CDATA[]]></system-out>
  <system-err><![CDATA[]]></system-err>
</testsuite>
